<?xml version="1.0" encoding="UTF-8"?>
<coverage generated="1710907903158" clover="3.2.0">
  <project timestamp="1710907903158" name="All files">
    <metrics statements="62" coveredstatements="46" conditionals="14" coveredconditionals="9" methods="14" coveredmethods="7" elements="90" coveredelements="62" complexity="0" loc="62" ncloc="62" packages="1" files="2" classes="2"/>
    <file name="HistoryManager.js" path="/workspaces/4353Group36-v2.0/Fornt-end/HistoryManager.js">
      <metrics statements="14" coveredstatements="13" conditionals="6" coveredconditionals="5" methods="4" coveredmethods="4"/>
      <line num="5" count="7" type="stmt"/>
      <line num="6" count="7" type="stmt"/>
      <line num="10" count="4" type="stmt"/>
      <line num="11" count="4" type="stmt"/>
      <line num="12" count="4" type="cond" truecount="2" falsecount="0"/>
      <line num="16" count="2" type="stmt"/>
      <line num="17" count="2" type="stmt"/>
      <line num="18" count="2" type="stmt"/>
      <line num="19" count="2" type="stmt"/>
      <line num="23" count="1" type="stmt"/>
      <line num="24" count="1" type="stmt"/>
      <line num="29" count="1" type="cond" truecount="3" falsecount="1"/>
      <line num="30" count="1" type="stmt"/>
      <line num="33" count="0" type="stmt"/>
    </file>
    <file name="script.js" path="/workspaces/4353Group36-v2.0/Fornt-end/script.js">
      <metrics statements="48" coveredstatements="33" conditionals="8" coveredconditionals="4" methods="10" coveredmethods="3"/>
      <line num="4" count="2" type="stmt"/>
      <line num="5" count="2" type="stmt"/>
      <line num="6" count="2" type="stmt"/>
      <line num="7" count="2" type="stmt"/>
      <line num="8" count="2" type="stmt"/>
      <line num="9" count="2" type="stmt"/>
      <line num="10" count="2" type="stmt"/>
      <line num="13" count="2" type="stmt"/>
      <line num="14" count="2" type="stmt"/>
      <line num="15" count="2" type="stmt"/>
      <line num="16" count="0" type="stmt"/>
      <line num="17" count="0" type="stmt"/>
      <line num="20" count="2" type="stmt"/>
      <line num="21" count="2" type="stmt"/>
      <line num="22" count="2" type="stmt"/>
      <line num="23" count="0" type="stmt"/>
      <line num="24" count="0" type="stmt"/>
      <line num="29" count="1" type="stmt"/>
      <line num="30" count="1" type="stmt"/>
      <line num="31" count="1" type="stmt"/>
      <line num="32" count="1" type="stmt"/>
      <line num="33" count="1" type="stmt"/>
      <line num="34" count="1" type="stmt"/>
      <line num="35" count="1" type="stmt"/>
      <line num="40" count="1" type="stmt"/>
      <line num="41" count="1" type="stmt"/>
      <line num="42" count="1" type="stmt"/>
      <line num="43" count="1" type="cond" truecount="2" falsecount="2"/>
      <line num="44" count="0" type="stmt"/>
      <line num="45" count="0" type="stmt"/>
      <line num="46" count="0" type="stmt"/>
      <line num="48" count="1" type="stmt"/>
      <line num="53" count="2" type="stmt"/>
      <line num="54" count="2" type="stmt"/>
      <line num="57" count="2" type="stmt"/>
      <line num="58" count="3" type="stmt"/>
      <line num="59" count="3" type="cond" truecount="1" falsecount="1"/>
      <line num="60" count="0" type="stmt"/>
      <line num="61" count="0" type="stmt"/>
      <line num="62" count="0" type="stmt"/>
      <line num="63" count="0" type="stmt"/>
      <line num="68" count="2" type="stmt"/>
      <line num="69" count="2" type="cond" truecount="1" falsecount="1"/>
      <line num="70" count="2" type="stmt"/>
      <line num="71" count="0" type="stmt"/>
      <line num="72" count="0" type="stmt"/>
      <line num="73" count="0" type="stmt"/>
      <line num="74" count="0" type="stmt"/>
    </file>
  </project>
</coverage>
