{"/workspaces/4353Group36-v2.0/Fornt-end/HistoryManager.js": {"path":"/workspaces/4353Group36-v2.0/Fornt-end/HistoryManager.js","statementMap":{"0":{"start":{"line":3,"column":8},"end":{"line":3,"column":31}},"1":{"start":{"line":4,"column":8},"end":{"line":4,"column":31}},"2":{"start":{"line":9,"column":25},"end":{"line":9,"column":57}},"3":{"start":{"line":10,"column":8},"end":{"line":10,"column":48}},"4":{"start":{"line":15,"column":27},"end":{"line":15,"column":47}},"5":{"start":{"line":16,"column":24},"end":{"line":16,"column":56}},"6":{"start":{"line":17,"column":8},"end":{"line":17,"column":50}},"7":{"start":{"line":22,"column":27},"end":{"line":22,"column":47}},"8":{"start":{"line":23,"column":24},"end":{"line":23,"column":41}},"9":{"start":{"line":24,"column":8},"end":{"line":24,"column":28}},"10":{"start":{"line":25,"column":8},"end":{"line":25,"column":66}},"11":{"start":{"line":30,"column":27},"end":{"line":30,"column":47}},"12":{"start":{"line":31,"column":8},"end":{"line":31,"column":44}},"13":{"start":{"line":36,"column":0},"end":{"line":36,"column":32}}},"fnMap":{"0":{"name":"(anonymous_0)","decl":{"start":{"line":2,"column":4},"end":{"line":2,"column":5}},"loc":{"start":{"line":2,"column":80},"end":{"line":5,"column":5}},"line":2},"1":{"name":"(anonymous_1)","decl":{"start":{"line":7,"column":4},"end":{"line":7,"column":5}},"loc":{"start":{"line":7,"column":20},"end":{"line":11,"column":5}},"line":7},"2":{"name":"(anonymous_2)","decl":{"start":{"line":13,"column":4},"end":{"line":13,"column":5}},"loc":{"start":{"line":13,"column":17},"end":{"line":18,"column":5}},"line":13},"3":{"name":"(anonymous_3)","decl":{"start":{"line":20,"column":4},"end":{"line":20,"column":5}},"loc":{"start":{"line":20,"column":20},"end":{"line":26,"column":5}},"line":20},"4":{"name":"(anonymous_4)","decl":{"start":{"line":28,"column":4},"end":{"line":28,"column":5}},"loc":{"start":{"line":28,"column":19},"end":{"line":32,"column":5}},"line":28}},"branchMap":{"0":{"loc":{"start":{"line":2,"column":16},"end":{"line":2,"column":45}},"type":"default-arg","locations":[{"start":{"line":2,"column":26},"end":{"line":2,"column":45}}],"line":2},"1":{"loc":{"start":{"line":2,"column":47},"end":{"line":2,"column":78}},"type":"default-arg","locations":[{"start":{"line":2,"column":57},"end":{"line":2,"column":78}}],"line":2},"2":{"loc":{"start":{"line":17,"column":15},"end":{"line":17,"column":49}},"type":"cond-expr","locations":[{"start":{"line":17,"column":25},"end":{"line":17,"column":44}},{"start":{"line":17,"column":47},"end":{"line":17,"column":49}}],"line":17}},"s":{"0":5,"1":5,"2":8,"3":8,"4":5,"5":5,"6":5,"7":2,"8":2,"9":2,"10":2,"11":1,"12":1,"13":1},"f":{"0":5,"1":8,"2":5,"3":2,"4":1},"b":{"0":[1],"1":[1],"2":[1,4]},"_coverageSchema":"1a1c01bbd47fc00a2c39e90264f33305004495a9","hash":"5829840ec3d21bd58b350d01ccd2e5bcf2841952"}
,"/workspaces/4353Group36-v2.0/Fornt-end/script.js": {"path":"/workspaces/4353Group36-v2.0/Fornt-end/script.js","statementMap":{"0":{"start":{"line":3,"column":0},"end":{"line":25,"column":3}},"1":{"start":{"line":4,"column":20},"end":{"line":4,"column":54}},"2":{"start":{"line":5,"column":22},"end":{"line":5,"column":59}},"3":{"start":{"line":6,"column":25},"end":{"line":6,"column":65}},"4":{"start":{"line":7,"column":26},"end":{"line":7,"column":67}},"5":{"start":{"line":8,"column":29},"end":{"line":8,"column":73}},"6":{"start":{"line":9,"column":26},"end":{"line":9,"column":63}},"7":{"start":{"line":11,"column":4},"end":{"line":11,"column":82}},"8":{"start":{"line":11,"column":49},"end":{"line":11,"column":80}},"9":{"start":{"line":12,"column":4},"end":{"line":12,"column":82}},"10":{"start":{"line":12,"column":46},"end":{"line":12,"column":80}},"11":{"start":{"line":13,"column":4},"end":{"line":16,"column":7}},"12":{"start":{"line":14,"column":8},"end":{"line":14,"column":46}},"13":{"start":{"line":15,"column":8},"end":{"line":15,"column":43}},"14":{"start":{"line":17,"column":4},"end":{"line":17,"column":92}},"15":{"start":{"line":17,"column":50},"end":{"line":17,"column":90}},"16":{"start":{"line":18,"column":4},"end":{"line":21,"column":7}},"17":{"start":{"line":19,"column":8},"end":{"line":19,"column":46}},"18":{"start":{"line":20,"column":8},"end":{"line":20,"column":40}},"19":{"start":{"line":23,"column":4},"end":{"line":23,"column":94}},"20":{"start":{"line":24,"column":4},"end":{"line":24,"column":88}},"21":{"start":{"line":27,"column":0},"end":{"line":40,"column":2}},"22":{"start":{"line":28,"column":21},"end":{"line":28,"column":67}},"23":{"start":{"line":29,"column":21},"end":{"line":29,"column":67}},"24":{"start":{"line":30,"column":17},"end":{"line":30,"column":59}},"25":{"start":{"line":32,"column":4},"end":{"line":39,"column":5}},"26":{"start":{"line":33,"column":8},"end":{"line":33,"column":53}},"27":{"start":{"line":34,"column":8},"end":{"line":34,"column":58}},"28":{"start":{"line":35,"column":8},"end":{"line":35,"column":35}},"29":{"start":{"line":36,"column":8},"end":{"line":36,"column":83}},"30":{"start":{"line":38,"column":8},"end":{"line":38,"column":47}},"31":{"start":{"line":42,"column":0},"end":{"line":53,"column":2}},"32":{"start":{"line":43,"column":4},"end":{"line":43,"column":27}},"33":{"start":{"line":44,"column":21},"end":{"line":44,"column":70}},"34":{"start":{"line":45,"column":21},"end":{"line":45,"column":70}},"35":{"start":{"line":46,"column":21},"end":{"line":46,"column":83}},"36":{"start":{"line":48,"column":17},"end":{"line":48,"column":49}},"37":{"start":{"line":49,"column":4},"end":{"line":49,"column":57}},"38":{"start":{"line":50,"column":4},"end":{"line":50,"column":58}},"39":{"start":{"line":51,"column":20},"end":{"line":51,"column":54}},"40":{"start":{"line":52,"column":4},"end":{"line":52,"column":45}},"41":{"start":{"line":55,"column":0},"end":{"line":57,"column":2}},"42":{"start":{"line":56,"column":4},"end":{"line":56,"column":31}},"43":{"start":{"line":60,"column":0},"end":{"line":62,"column":1}},"44":{"start":{"line":61,"column":4},"end":{"line":61,"column":119}}},"fnMap":{"0":{"name":"(anonymous_0)","decl":{"start":{"line":3,"column":46},"end":{"line":3,"column":47}},"loc":{"start":{"line":3,"column":57},"end":{"line":25,"column":1}},"line":3},"1":{"name":"(anonymous_1)","decl":{"start":{"line":11,"column":43},"end":{"line":11,"column":44}},"loc":{"start":{"line":11,"column":49},"end":{"line":11,"column":80}},"line":11},"2":{"name":"(anonymous_2)","decl":{"start":{"line":12,"column":40},"end":{"line":12,"column":41}},"loc":{"start":{"line":12,"column":46},"end":{"line":12,"column":80}},"line":12},"3":{"name":"(anonymous_3)","decl":{"start":{"line":13,"column":44},"end":{"line":13,"column":45}},"loc":{"start":{"line":13,"column":50},"end":{"line":16,"column":5}},"line":13},"4":{"name":"(anonymous_4)","decl":{"start":{"line":17,"column":44},"end":{"line":17,"column":45}},"loc":{"start":{"line":17,"column":50},"end":{"line":17,"column":90}},"line":17},"5":{"name":"(anonymous_5)","decl":{"start":{"line":18,"column":47},"end":{"line":18,"column":48}},"loc":{"start":{"line":18,"column":53},"end":{"line":21,"column":5}},"line":18},"6":{"name":"(anonymous_6)","decl":{"start":{"line":27,"column":19},"end":{"line":27,"column":20}},"loc":{"start":{"line":27,"column":30},"end":{"line":40,"column":1}},"line":27},"7":{"name":"(anonymous_7)","decl":{"start":{"line":42,"column":22},"end":{"line":42,"column":23}},"loc":{"start":{"line":42,"column":38},"end":{"line":53,"column":1}},"line":42},"8":{"name":"(anonymous_8)","decl":{"start":{"line":55,"column":20},"end":{"line":55,"column":21}},"loc":{"start":{"line":55,"column":34},"end":{"line":57,"column":1}},"line":55}},"branchMap":{"0":{"loc":{"start":{"line":32,"column":4},"end":{"line":39,"column":5}},"type":"if","locations":[{"start":{"line":32,"column":4},"end":{"line":39,"column":5}},{"start":{"line":37,"column":11},"end":{"line":39,"column":5}}],"line":32},"1":{"loc":{"start":{"line":32,"column":8},"end":{"line":32,"column":72}},"type":"binary-expr","locations":[{"start":{"line":32,"column":8},"end":{"line":32,"column":12}},{"start":{"line":32,"column":16},"end":{"line":32,"column":42}},{"start":{"line":32,"column":46},"end":{"line":32,"column":72}}],"line":32},"2":{"loc":{"start":{"line":60,"column":0},"end":{"line":62,"column":1}},"type":"if","locations":[{"start":{"line":60,"column":0},"end":{"line":62,"column":1}},{"start":{},"end":{}}],"line":60},"3":{"loc":{"start":{"line":60,"column":4},"end":{"line":60,"column":51}},"type":"binary-expr","locations":[{"start":{"line":60,"column":4},"end":{"line":60,"column":33}},{"start":{"line":60,"column":37},"end":{"line":60,"column":51}}],"line":60}},"s":{"0":1,"1":0,"2":0,"3":0,"4":0,"5":0,"6":0,"7":0,"8":0,"9":0,"10":0,"11":0,"12":0,"13":0,"14":0,"15":0,"16":0,"17":0,"18":0,"19":0,"20":0,"21":1,"22":2,"23":2,"24":2,"25":2,"26":1,"27":1,"28":1,"29":1,"30":1,"31":1,"32":1,"33":1,"34":1,"35":1,"36":1,"37":1,"38":1,"39":1,"40":1,"41":1,"42":0,"43":1,"44":1},"f":{"0":0,"1":0,"2":0,"3":0,"4":0,"5":0,"6":2,"7":1,"8":0},"b":{"0":[1,1],"1":[2,1,1],"2":[1,0],"3":[1,1]},"_coverageSchema":"1a1c01bbd47fc00a2c39e90264f33305004495a9","hash":"4431636086320bc48d74cbabac4b78a9472567c1"}
}
