TN:
SF:Fornt-end/HistoryManager.js
FN:2,(anonymous_0)
FN:7,(anonymous_1)
FN:13,(anonymous_2)
FN:20,(anonymous_3)
FN:28,(anonymous_4)
FNF:5
FNH:5
FNDA:2,(anonymous_0)
FNDA:7,(anonymous_1)
FNDA:4,(anonymous_2)
FNDA:2,(anonymous_3)
FNDA:1,(anonymous_4)
DA:3,2
DA:4,2
DA:9,7
DA:10,7
DA:15,4
DA:16,4
DA:17,4
DA:22,2
DA:23,2
DA:24,2
DA:25,2
DA:30,1
DA:31,1
DA:36,1
LF:14
LH:14
BRDA:2,0,0,0
BRDA:2,1,0,0
BRDA:17,2,0,1
BRDA:17,2,1,3
BRF:4
BRH:2
end_of_record
TN:
SF:Fornt-end/script.js
FN:3,(anonymous_0)
FN:12,(anonymous_1)
FN:13,(anonymous_2)
FN:14,(anonymous_3)
FN:18,(anonymous_4)
FN:19,(anonymous_5)
FN:29,loginUser
FN:44,registerUser
FNF:8
FNH:2
FNDA:0,(anonymous_0)
FNDA:0,(anonymous_1)
FNDA:0,(anonymous_2)
FNDA:0,(anonymous_3)
FNDA:0,(anonymous_4)
FNDA:0,(anonymous_5)
FNDA:1,loginUser
FNDA:1,registerUser
DA:3,1
DA:4,0
DA:5,0
DA:6,0
DA:7,0
DA:8,0
DA:9,0
DA:12,0
DA:13,0
DA:14,0
DA:15,0
DA:16,0
DA:18,0
DA:19,0
DA:20,0
DA:21,0
DA:25,0
DA:26,0
DA:30,1
DA:31,1
DA:32,1
DA:34,1
DA:35,0
DA:36,0
DA:37,0
DA:38,0
DA:40,1
DA:45,1
DA:46,1
DA:47,1
DA:48,1
DA:50,0
DA:51,0
DA:52,0
DA:53,0
DA:54,0
DA:58,1
DA:59,1
LF:38
LH:12
BRDA:34,0,0,0
BRDA:34,0,1,1
BRDA:34,1,0,1
BRDA:34,1,1,0
BRDA:34,1,2,0
BRDA:58,2,0,1
BRDA:58,2,1,0
BRDA:58,3,0,1
BRDA:58,3,1,1
BRF:9
BRH:5
end_of_record
