TN:
SF:Fornt-end/HistoryManager.js
FN:2,(anonymous_0)
FN:7,(anonymous_1)
FN:13,(anonymous_2)
FN:20,(anonymous_3)
FN:28,(anonymous_4)
FNF:5
FNH:5
FNDA:5,(anonymous_0)
FNDA:8,(anonymous_1)
FNDA:5,(anonymous_2)
FNDA:2,(anonymous_3)
FNDA:1,(anonymous_4)
DA:3,5
DA:4,5
DA:9,8
DA:10,8
DA:15,5
DA:16,5
DA:17,5
DA:22,2
DA:23,2
DA:24,2
DA:25,2
DA:30,1
DA:31,1
DA:36,1
LF:14
LH:14
BRDA:2,0,0,1
BRDA:2,1,0,1
BRDA:17,2,0,1
BRDA:17,2,1,4
BRF:4
BRH:4
end_of_record
TN:
SF:Fornt-end/script.js
FN:3,(anonymous_0)
FN:11,(anonymous_1)
FN:12,(anonymous_2)
FN:13,(anonymous_3)
FN:17,(anonymous_4)
FN:18,(anonymous_5)
FN:27,(anonymous_6)
FN:42,(anonymous_7)
FN:55,(anonymous_8)
FNF:9
FNH:9
FNDA:1,(anonymous_0)
FNDA:1,(anonymous_1)
FNDA:1,(anonymous_2)
FNDA:1,(anonymous_3)
FNDA:1,(anonymous_4)
FNDA:1,(anonymous_5)
FNDA:2,(anonymous_6)
FNDA:1,(anonymous_7)
FNDA:1,(anonymous_8)
DA:3,1
DA:4,1
DA:5,1
DA:6,1
DA:7,1
DA:8,1
DA:9,1
DA:11,1
DA:12,1
DA:13,1
DA:14,1
DA:15,1
DA:17,1
DA:18,1
DA:19,1
DA:20,1
DA:23,1
DA:24,0
DA:27,1
DA:28,2
DA:29,2
DA:30,2
DA:32,2
DA:33,0
DA:34,0
DA:35,0
DA:36,0
DA:38,2
DA:42,1
DA:43,1
DA:44,1
DA:45,1
DA:46,1
DA:48,1
DA:49,1
DA:50,1
DA:51,1
DA:52,1
DA:55,1
DA:56,1
DA:60,1
DA:61,1
LF:42
LH:37
BRDA:32,0,0,0
BRDA:32,0,1,2
BRDA:32,1,0,2
BRDA:32,1,1,1
BRDA:32,1,2,1
BRDA:60,2,0,1
BRDA:60,2,1,0
BRDA:60,3,0,1
BRDA:60,3,1,1
BRF:9
BRH:7
end_of_record
